#-----------------------------------------------------------
# Vivado v2016.1 (64-bit)
# SW Build 1538259 on Fri Apr  8 15:45:27 MDT 2016
# IP Build 1537824 on Fri Apr  8 04:28:57 MDT 2016
# Start of session at: Thu Nov 02 16:06:58 2023
# Process ID: 12080
# Current directory: C:/Users/fu6315ma-s/Lab5
# Command line: vivado.exe -gui_launcher_event rodinguilauncherevent13708 C:\Users\fu6315ma-s\Lab5\Lab5.xpr
# Log file: C:/Users/fu6315ma-s/Lab5/vivado.log
# Journal file: C:/Users/fu6315ma-s/Lab5\vivado.jou
#-----------------------------------------------------------
start_gui
open_project C:/Users/fu6315ma-s/Lab5/Lab5.xpr
Scanning sources...
Finished scanning sources
INFO: [IP_Flow 19-234] Refreshing IP repositories
INFO: [IP_Flow 19-1704] No user IP repositories specified
INFO: [IP_Flow 19-2313] Loaded Vivado IP repository 'C:/Xilinx/Vivado/2016.1/data/ip'.
open_project: Time (s): cpu = 00:00:12 ; elapsed = 00:00:07 . Memory (MB): peak = 820.641 ; gain = 143.008
update_compile_order -fileset sources_1
exit
INFO: [Common 17-206] Exiting Vivado at Thu Nov 02 16:19:52 2023...
